Reading netlist file: "E:\sipeed\Tang\Tang-Nano-examples-master\example_led\led_prj\impl\gwsynthesis\led_prj.vg"
Parsing netlist file "E:\sipeed\Tang\Tang-Nano-examples-master\example_led\led_prj\impl\gwsynthesis\led_prj.vg" completed
Processing netlist completed
Reading constraint file: "E:\sipeed\Tang\Tang-Nano-examples-master\example_led\led_prj\src\led_prj.cst"
Physical Constraint parsed completed
Running placement......
[10%] Placement Phase 0 completed
[20%] Placement Phase 1 completed
[30%] Placement Phase 2 completed
[50%] Placement Phase 3 completed
Running routing......
[60%] Routing Phase 0 completed
[70%] Routing Phase 1 completed
[80%] Routing Phase 2 completed
[90%] Routing Phase 3 completed
Running timing analysis......
[95%] Timing analysis completed
Placement and routing completed
Bitstream generation in progress......
Bitstream generation completed
Running power analysis......
[100%] Power analysis completed
Generate file "E:\sipeed\Tang\Tang-Nano-examples-master\example_led\led_prj\impl\pnr\led_prj.power.html" completed
Generate file "E:\sipeed\Tang\Tang-Nano-examples-master\example_led\led_prj\impl\pnr\led_prj.pin.html" completed
Generate file "E:\sipeed\Tang\Tang-Nano-examples-master\example_led\led_prj\impl\pnr\led_prj.rpt.html" completed
Generate file "E:\sipeed\Tang\Tang-Nano-examples-master\example_led\led_prj\impl\pnr\led_prj.rpt.txt" completed
Generate file "E:\sipeed\Tang\Tang-Nano-examples-master\example_led\led_prj\impl\pnr\led_prj.tr.html" completed
Thu Sep 16 20:32:24 2021

